<?xml version="1.0" encoding="UTF-8"?>
<testsuite name="otus.study.cashmachine.machine.service.CashMachineServiceTest" tests="5" skipped="0" failures="0" errors="0" timestamp="2023-05-21T14:45:54" hostname="LAPTOP-J3Q86619" time="1.521">
  <properties/>
  <testcase name="changePinWithAnswer()" classname="otus.study.cashmachine.machine.service.CashMachineServiceTest" time="1.476"/>
  <testcase name="checkBalance()" classname="otus.study.cashmachine.machine.service.CashMachineServiceTest" time="0.004"/>
  <testcase name="changePin()" classname="otus.study.cashmachine.machine.service.CashMachineServiceTest" time="0.008"/>
  <testcase name="putMoney()" classname="otus.study.cashmachine.machine.service.CashMachineServiceTest" time="0.007"/>
  <testcase name="getMoney()" classname="otus.study.cashmachine.machine.service.CashMachineServiceTest" time="0.017"/>
  <system-out><![CDATA[]]></system-out>
  <system-err><![CDATA[]]></system-err>
</testsuite>
